0.398022 68
0.076212 8
0.000174 17
0.000030 1
2.848487 1
0.174821 1
0.185373 1
0.115421 1
0.176562 1
0.181170 1
0.166461 1
0.435657 1
0.184453 1
0.571407 1
0.237679 1
0.103394 8
0.126071 2
0.469121 41
0.000954 25
0.000004 7
0.000003 42
0.000031 60
0.000032 16
0.000004 68
0.002020 17
0.000061 1
0.375797 1
0.138444 1
0.141122 1
0.151234 1
0.166042 1
0.263585 1
0.222531 1
0.147913 1
0.163513 1
0.118182 1
0.207503 1
0.175501 1
0.219627 1
0.131785 1
0.149551 4
0.597672 4
0.166488 1
0.363018 1
0.156090 1
0.131484 8
0.105299 2
0.354831 37
0.001339 29
0.000006 3
0.000005 14
0.000014 68
0.002669 17
0.000123 1
0.518375 1
0.156417 1
0.177037 1
0.195849 1
0.267379 1
1.856832 1
0.170017 1
0.174133 1
0.210723 1
0.148416 1
0.185043 1
0.158307 4
0.581133 1
0.227075 1
0.093517 1
0.193906 1
0.141241 4
0.552094 4
0.130653 4
0.076735 4
0.355760 1
0.299097 1
0.299597 1
0.130771 8
0.114780 2
0.346342 9
0.000901 23
0.000009 2
0.000004 68
0.002006 17
0.000095 24
2.098630 1
0.234633 1
0.192954 1
0.133987 1
0.145603 2
0.276351 6
