0.864294 82
0.092817 8
0.000164 18
0.000015 1
1.989467 1
0.157546 1
0.159159 1
0.067773 1
0.319742 1
0.332262 1
0.300202 1
0.195439 4
0.723596 4
0.221746 4
0.156765 1
0.262774 1
0.185960 1
0.138570 1
0.866854 1
0.515787 1
0.218345 1
0.172244 1
0.159645 1
0.212730 1
0.176188 1
0.066722 1
0.175591 1
0.264380 1
0.246859 1
0.159587 1
0.318100 2
2.266750 100
0.001860 1
1.390765 1
0.102022 1
0.112416 1
0.088718 1
0.228915 1
0.603472 1
0.550536 1
1.151091 1
0.139762 1
0.167175 1
0.067891 1
0.229281 4
0.401642 1
0.238424 1
0.430433 1
0.247740 1
0.362089 1
2.399780 1
0.471268 1
1.734890 1
0.723076 2
3.022507 100
0.002312 1
0.590492 1
0.220659 1
0.134136 1
0.156332 1
0.097916 1
0.241031 1
0.263132 1
0.086309 1
0.119721 1
0.114599 10
2.217876 100
0.003028 1
3.462979 1
0.264509 1
0.661851 1
0.345734 1
0.310832 1
0.156370 1
0.141872 1
0.097492 1
0.172691 1
0.266420 1
1.096911 1
0.335156 1
0.306302 1
0.115653 1
0.201056 1
0.058691 1
0.389610 1
0.252775 1
0.239752 1
0.496615 1
2.480299 1
2.282787 1
0.308945 1
1.339947 2
3.389530 100
0.002398 1
0.762277 1
0.211524 1
0.106763 1
0.174783 1
0.176742 1
0.350898 1
0.980974 1
0.255546 1
0.275234 1
0.246883 1
0.158550 1
0.138255 1
0.159504 1
0.070354 1
0.190706 7
2.144273 100
0.001818 1
8.465348 1
0.433302 1
0.198303 1
0.398155 1
0.665501 1
0.474967 1
0.191486 1
0.130029 1
0.366468 1
0.308584 1
0.231156 1
0.103779 1
0.739506 1
0.140893 1
0.111125 1
0.141367 1
0.273062 1
0.120954 1
0.158633 1
0.228790 2
0.919383 100
0.001760 1
1.651712 1
0.184530 1
0.088601 1
0.165783 1
0.079610 1
1.704087 1
0.505593 1
0.724533 1
0.174950 1
0.122841 1
2.226864 1
0.998307 1
0.388061 1
0.274041 14
0.804088 100
0.001838 1
1.301402 1
0.211453 1
0.115683 1
0.129639 1
0.097816 1
0.635837 1
0.326884 1
1.255769 1
0.101241 1
0.131936 1
1.282102 1
0.102118 1
0.749923 1
0.354831 1
0.236745 7
1.101557 100
0.005012 1
1.074414 1
0.181904 1
0.052511 1
0.174896 1
0.079663 1
0.348592 1
0.355309 1
0.779017 1
0.101117 1
0.140404 1
1.804551 1
1.555404 1
0.253494 1
0.332990 14
0.938356 100
0.001778 1
0.412817 1
0.220400 1
0.097713 1
0.164888 1
0.149396 1
0.477506 1
0.362232 1
0.536231 1
0.120261 1
0.159544 1
1.802020 1
0.130706 1
1.089515 1
0.306559 1
0.413283 7
2.351648 100
0.005024 1
15.687986 1
0.112671 1
0.228398 1
0.149098 1
0.139276 1
0.077750 1
0.203477 1
0.791305 1
0.272903 1
0.303594 1
0.250316 1
0.317187 1
0.794445 1
0.281082 1
0.330481 1
0.264320 1
0.103577 4
0.725127 1
0.274588 1
0.460808 2
0.734164 40
2.226861 108
0.000006 142
0.000049 33
0.000006 100
0.003173 1
16.276642 1
0.069094 1
0.228434 1
0.110781 1
0.095026 1
0.097521 1
1.496070 1
3.535587 1
0.423948 1
0.410427 1
0.300280 1
0.264787 1
1.336229 4
0.382031 1
0.272279 1
0.317481 1
0.251986 1
1.003302 1
0.247444 1
0.414449 2
0.678703 100
0.003868 1
0.995428 1
0.103243 2
0.186003 28
0.001198 100
0.001916 1
1.507312 1
0.078254 1
0.246456 1
0.092558 1
0.121709 1
0.079773 1
3.776059 4
0.867039 4
0.499241 4
0.029946 4
0.029750 4
0.030259 4
0.029967 4
0.029991 1
0.031790 1
0.030154 1
0.030022 1
0.030992 1
0.030963 1
0.401006 1
0.176962 1
0.104724 1
0.163530 1
0.115686 1
0.220351 1
1.389659 1
0.139489 1
0.068916 1
0.156537 2
0.596281 100
0.002781 1
1.013535 1
0.060251 1
0.165489 1
0.137535 1
0.096880 1
0.086679 1
0.275212 1
5.156916 1
0.289822 1
0.931815 1
0.957678 1
0.267447 1
0.226328 1
0.488779 1
0.963991 1
0.411431 1
0.162450 1
0.350105 1
1.558289 1
0.795717 1
0.477097 2
1.119992 100
0.005986 1
0.722393 1
0.199658 2
0.197238 34
0.001356 100
0.001905 2
23.459150 23
0.704373 2
1.899798 100
0.007498 2
0.129943 100
0.002715 1
1.355385 1
0.148133 2
0.185738 34
0.001026 100
0.002089 1
5.530338 1
0.103241 1
0.472857 1
0.300883 1
0.281843 1
0.748473 1
0.149450 1
0.276300 1
0.818853 1
0.121575 1
0.184073 1
0.132265 1
0.115640 1
0.156610 1
1.008583 1
0.149418 1
0.092782 2
0.286491 2
1.370073 38
0.003156 82
0.004657 18
0.000210 1
27.286858 1
0.183302 1
0.150623 1
0.111934 8
