execve("./a.out", ["./a.out", "1008", "1009", "127.0.0.1"], [/* 56 vars */]) = 0
brk(0)                                  = 0x9c4000
mmap(NULL, 4096, PROT_READ|PROT_WRITE, MAP_PRIVATE|MAP_ANONYMOUS, -1, 0) = 0x7f01e6e31000
access("/etc/ld.so.preload", R_OK)      = -1 ENOENT (No such file or directory)
open("/etc/ld.so.cache", O_RDONLY|O_CLOEXEC) = 3
fstat(3, {st_mode=S_IFREG|0644, st_size=167488, ...}) = 0
mmap(NULL, 167488, PROT_READ, MAP_PRIVATE, 3, 0) = 0x7f01e6e08000
close(3)                                = 0
open("/lib64/libc.so.6", O_RDONLY|O_CLOEXEC) = 3
read(3, "\177ELF\2\1\1\3\0\0\0\0\0\0\0\0\3\0>\0\1\0\0\0@\34\2\0\0\0\0\0"..., 832) = 832
fstat(3, {st_mode=S_IFREG|0755, st_size=2118128, ...}) = 0
mmap(NULL, 3932672, PROT_READ|PROT_EXEC, MAP_PRIVATE|MAP_DENYWRITE, 3, 0) = 0x7f01e6852000
mprotect(0x7f01e6a08000, 2097152, PROT_NONE) = 0
mmap(0x7f01e6c08000, 24576, PROT_READ|PROT_WRITE, MAP_PRIVATE|MAP_FIXED|MAP_DENYWRITE, 3, 0x1b6000) = 0x7f01e6c08000
mmap(0x7f01e6c0e000, 16896, PROT_READ|PROT_WRITE, MAP_PRIVATE|MAP_FIXED|MAP_ANONYMOUS, -1, 0) = 0x7f01e6c0e000
close(3)                                = 0
mmap(NULL, 4096, PROT_READ|PROT_WRITE, MAP_PRIVATE|MAP_ANONYMOUS, -1, 0) = 0x7f01e6e07000
mmap(NULL, 8192, PROT_READ|PROT_WRITE, MAP_PRIVATE|MAP_ANONYMOUS, -1, 0) = 0x7f01e6e05000
arch_prctl(ARCH_SET_FS, 0x7f01e6e05740) = 0
mprotect(0x7f01e6c08000, 16384, PROT_READ) = 0
mprotect(0x600000, 4096, PROT_READ)     = 0
mprotect(0x7f01e6e32000, 4096, PROT_READ) = 0
munmap(0x7f01e6e08000, 167488)          = 0
socket(PF_LOCAL, SOCK_STREAM, 0)        = 3
bind(3, {sa_family=AF_LOCAL, sun_path="/tmp/unix_bind_path"}, 110) = -1 EADDRINUSE (Address already in use)
dup(2)                                  = 4
fcntl(4, F_GETFL)                       = 0x8001 (flags O_WRONLY|O_LARGEFILE)
close(4)                                = 0
write(2, "bind: Address already in use\n", 29bind: Address already in use
) = 29
exit_group(1)                           = ?
+++ exited with 1 +++
