0.814344 78
0.093689 8
0.000171 16
0.000004 1
10.183204 1
0.097762 1
0.191021 1
0.095700 1
0.193676 4
0.636781 1
0.218409 1
0.183304 1
0.167748 1
1.207571 1
0.183386 1
0.058769 1
0.112252 1
0.114530 1
0.116534 1
0.261903 4
0.391660 1
0.289733 1
0.503652 1
0.262830 1
0.201240 1
0.363895 1
0.247514 1
0.319348 1
1.326417 1
0.211122 1
0.191076 1
0.163891 1
0.079845 1
0.173137 1
0.087299 2
0.176169 30
0.001124 12
0.000003 21
0.000027 9
0.000003 2
0.000003 94
0.002032 1
3.680209 1
0.106857 1
0.181761 1
0.123092 1
0.088560 1
0.163822 1
0.288820 4
0.831488 1
0.168081 1
0.137545 1
0.165231 4
0.410938 1
0.245981 1
0.202022 1
0.137675 1
0.035815 1
0.183105 1
1.102055 1
0.343675 1
0.233823 1
0.211100 1
0.255856 1
0.716385 1
0.230983 1
0.175810 1
0.101498 1
1.908232 1
0.324510 1
0.228018 1
0.229979 1
0.344617 1
0.173415 1
0.088815 1
0.199968 1
0.078304 2
0.167326 30
0.001385 94
0.003189 1
4.613282 1
0.106051 1
0.182415 1
0.131289 1
0.239017 4
0.723572 1
0.184418 1
0.174751 1
0.283877 4
0.439115 1
0.154917 1
0.867238 1
0.435097 1
0.210483 1
0.094676 1
0.167290 1
0.104201 2
0.348012 3
0.001105 15
0.000033 39
0.000029 44
0.000040 34
0.000021 25
0.000005 18
0.000004 94
0.002078 1
0.555489 1
0.140498 1
0.184171 1
0.068759 1
0.186246 1
0.200865 2
1.266490 3
0.002500 15
0.000052 37
0.000052 2
0.000009 21
0.000078 23
0.000064 22
0.000010 21
0.000026 2
0.000007 12
0.000008 2
0.000007 18
0.000070 94
0.004898 1
6.761187 1
0.097699 1
0.181929 1
0.095805 1
0.110821 1
0.895843 1
0.167598 1
0.884742 1
0.352171 1
1.647209 1
0.219914 1
0.165214 1
0.119668 1
0.071792 1
0.147588 1
0.097823 1
0.287805 1
0.610660 1
0.273091 1
0.146852 1
0.219298 1
0.212536 1
0.283318 1
0.784730 1
0.201980 1
0.210991 1
0.113824 1
0.229026 1
0.200515 1
0.165138 1
0.035656 1
0.208543 1
0.367158 1
1.044366 1
0.323807 1
0.272244 1
0.364648 1
0.263061 1
0.184614 1
0.355604 1
0.643116 1
0.227390 1
0.532206 1
0.308899 1
0.220442 1
0.762058 1
0.188733 1
0.043316 1
0.173319 1
0.095432 2
1.228153 15
0.001168 13
0.000004 2
0.000003 12
0.000010 21
0.000030 23
0.000034 94
0.002347 1
5.279697 1
0.087187 1
0.199916 1
0.095141 1
0.129518 1
0.195545 1
0.088664 1
0.595707 1
0.246751 1
0.109916 1
0.203472 1
0.104124 1
0.330290 1
1.969461 1
5.000926 1
0.426978 4
0.763696 1
0.397211 4
0.642863 1
0.279575 4
0.643303 1
0.208908 1
1.161717 1
0.176245 1
0.095777 1
0.676424 1
0.238649 1
0.130655 1
0.202992 1
0.222525 1
0.660082 1
0.414391 1
0.405748 1
2.347203 1
0.264611 1
0.247694 1
0.191619 1
0.052984 1
0.190444 1
0.086839 2
0.177361 21
0.002694 94
0.002975 1
4.192187 1
0.086785 1
0.183744 1
0.121728 1
0.079089 1
0.640386 1
0.376400 1
3.234523 1
0.227318 1
0.060448 1
0.218953 1
0.184616 1
0.275929 1
0.923818 1
0.638719 1
0.349159 1
0.248501 4
1.686282 4
0.137319 1
0.227688 1
0.569031 1
1.631945 1
0.324475 1
1.483178 1
0.238389 1
0.193240 1
0.724283 4
0.701116 1
0.211575 1
0.281688 1
1.460592 1
0.711938 1
0.315120 1
0.091356 1
2.001238 1
0.353827 1
2.503185 1
0.478956 2
1.162225 21
0.002436 94
0.003284 1
7.657781 1
0.094542 1
0.070100 1
0.801299 1
0.130834 1
0.214525 1
1.869922 1
0.069438 1
0.094282 1
0.131662 1
0.121429 1
0.478182 1
0.098282 2
0.256514 94
0.002641 13
1.046678 45
0.202397 2
0.559320 10
0.001208 20
0.000037 2
0.000003 94
0.002172 1
1.803204 1
0.089088 1
0.181710 1
0.069292 1
0.097691 1
0.190714 1
0.124517 1
0.891488 1
0.228411 1
0.300329 1
0.060468 1
0.389063 4
0.466131 1
0.083199 1
0.087588 1
0.262624 1
0.493360 1
1.242071 1
0.351674 1
0.703501 1
1.550746 1
0.287722 1
0.479494 1
0.273528 1
0.301648 1
1.041239 1
2.691356 1
2.496833 4
0.527271 4
0.130836 1
0.445293 1
0.945567 1
0.765918 4
1.370885 1
0.327166 1
0.425793 1
0.380473 1
0.088474 1
1.385433 1
0.932626 1
0.409687 2
0.848867 23
0.002906 2
0.000014 94
0.005666 33
1.217208 1
0.955548 1
0.247394 1
0.301354 7
0.930200 2
1.451923 19
0.003203 2
0.000011 11
0.000084 94
0.005526 1
2.561254 1
0.147425 1
0.165158 1
0.086341 1
0.129477 1
0.464697 1
0.193753 1
0.364469 1
0.407267 1
0.051013 1
0.237177 1
0.148001 1
0.211201 1
0.358702 1
0.398827 1
1.447850 4
0.417401 1
0.262163 1
0.298088 1
0.674992 1
0.999706 1
0.319706 1
0.245575 1
1.038561 1
0.612722 1
0.217876 1
0.098269 1
0.461889 1
1.787858 1
0.377548 2
0.491200 94
0.006665 28
1.983020 1
0.453835 1
0.500524 1
0.030125 1
0.030782 1
0.029701 1
0.030524 1
0.030087 1
0.029917 1
0.030046 1
0.029884 1
0.030230 3
0.614302 21
3.644505 3
0.649392 3
0.121644 3
0.112762 3
0.112719 13
0.776354 2
0.481111 94
0.002909 30
1.360734 1
0.310435 1
0.499555 1
0.029552 1
0.030650 1
0.030246 1
0.030695 1
0.030322 1
0.029568 1
0.030826 1
0.030946 1
0.029061 1
0.030391 1
0.271672 27
0.756946 3
0.338346 3
0.500294 3
0.029320 3
0.030145 3
0.030583 3
0.030448 3
0.029012 3
0.030285 3
0.030074 3
0.192569 7
0.686847 2
0.238598 94
0.005032 32
1.187843 1
0.328266 1
0.500717 1
0.030578 1
0.029730 1
0.030408 1
0.029456 1
0.030189 1
0.029340 1
0.030075 1
0.029682 1
0.030275 3
0.283276 3
0.158081 19
0.750479 2
0.769147 21
0.003130 11
0.000026 94
0.005511 1
11.263594 1
0.104004 1
0.173069 1
0.086804 1
0.140594 1
0.713351 1
0.149188 1
0.480671 1
0.248408 1
0.128702 1
0.227371 1
0.310849 1
0.175600 1
0.187063 1
0.182784 1
0.131883 1
1.014824 1
0.635344 1
0.170604 1
0.184118 1
0.174074 1
0.137796 1
0.044558 1
0.199820 1
0.717352 1
0.390123 1
0.690907 1
0.461991 1
0.289366 1
1.243752 1
0.587252 1
0.454464 1
0.146221 1
0.052544 1
0.175542 1
0.076074 2
0.176518 12
0.001132 94
0.002061 1
3.896487 1
0.080331 1
0.057904 1
0.444998 1
0.096666 1
0.227686 1
0.677561 1
0.185104 1
0.641079 4
1.608508 1
0.179544 1
0.175731 5
0.115345 1
2.677575 1
0.229454 1
0.501863 1
0.191323 1
0.122142 1
0.149843 1
0.588991 1
0.379813 1
0.157485 1
0.250061 1
0.523835 1
0.175868 1
0.249595 1
3.632451 1
0.174867 1
0.194088 1
0.083754 1
0.132875 1
0.147004 1
0.210599 1
0.230517 1
0.187064 1
0.237998 1
0.193333 2
0.257579 30
0.000694 42
0.000003 94
0.002126 38
6.343998 4
0.711803 4
0.130224 4
0.095198 2
0.348869 55
0.001941 29
0.000102 94
0.003550 35
1.536824 1
0.727686 1
0.211070 1
0.299262 2
0.196374 43
0.000685 42
0.000004 94
0.002460 1
1.903108 1
0.096389 1
0.095633 1
0.137857 4
0.635670 1
0.091756 1
0.158772 1
0.122194 1
0.291767 1
0.176698 1
0.201714 1
0.516750 1
0.220050 4
0.204828 1
1.133899 1
0.229200 1
0.690155 1
0.148328 1
0.874127 1
0.158232 2
0.231718 94
0.002738 1
1.148169 4
0.546826 1
0.110070 1
0.114350 1
0.077776 1
0.208478 1
0.275237 1
0.375202 4
1.091417 4
0.500017 4
0.030386 4
0.030377 4
0.029433 4
0.030411 1
0.030217 1
0.213803 1
0.167288 1
0.138221 1
0.141155 1
0.156502 1
0.205063 1
0.289973 4
0.367241 1
0.244604 1
0.158354 1
0.096078 1
0.227502 1
0.157077 4
0.230672 1
2.589344 1
0.141032 4
1.416214 1
0.209147 1
0.102647 4
2.666594 4
0.255721 4
0.184533 1
0.317370 1
0.137567 1
0.141729 1
0.174949 1
1.355721 1
0.282033 1
0.248050 1
0.191692 2
1.366146 94
0.008249 1
0.502766 1
0.185061 1
0.174160 1
0.107223 1
0.154729 1
0.133106 1
0.398087 1
0.176814 1
0.104981 1
0.200383 1
0.112763 1
0.220025 1
0.167222 4
0.536909 4
0.130825 4
0.327143 1
2.789086 1
0.190211 1
0.142132 1
0.157186 1
0.140154 1
0.083644 1
0.184813 1
0.080205 1
0.111199 1
0.114363 1
0.318806 2
0.787906 94
0.008679 1
2.165733 1
0.114315 1
0.095723 1
0.199515 1
0.097830 1
0.256393 1
0.320466 1
0.148197 1
0.138144 1
0.183594 5
0.123320 1
0.919364 1
0.209305 1
0.168712 1
0.060372 5
0.149972 1
1.052111 1
0.097707 1
0.174951 1
0.083616 1
0.132186 1
0.138586 1
0.210057 1
0.257284 2
0.296027 94
0.004926 1
0.651503 1
0.123235 1
0.087215 1
0.226361 1
0.106697 1
0.193622 1
0.236328 1
0.149689 1
0.138695 1
0.230174 1
0.291205 4
0.206865 1
1.257913 1
0.213180 4
0.663670 1
0.135933 1
0.087608 1
0.146079 1
0.140142 6
0.096156 1
0.821876 4
0.446942 1
0.126556 1
0.103879 1
0.177455 1
0.200268 1
0.213520 1
0.272932 1
0.193048 1
0.212194 2
0.143509 94
0.007082 1
0.425130 1
0.105288 1
0.077775 1
0.163394 1
0.115991 1
0.229620 1
0.246237 1
0.166860 7
0.176356 1
0.397895 1
0.122694 1
0.185038 6
0.122746 2
0.876737 94
0.003072 1
4.345288 1
0.176133 1
0.156119 1
0.139651 1
0.140255 1
0.169132 1
0.353102 1
0.149577 1
0.085148 1
0.211031 1
0.139189 4
0.170077 1
1.034830 1
0.245415 1
0.123705 1
0.112406 4
0.644879 4
0.113450 4
0.103022 4
0.094790 1
0.352626 1
0.138573 1
0.107860 1
0.164142 1
0.122184 1
0.083698 1
0.247596 4
0.307659 1
4.013504 1
2.805223 1
0.966950 1
0.095325 1
0.086871 1
0.236469 1
0.167162 1
0.119220 1
0.098807 2
0.543736 94
0.003498 1
0.510475 1
0.096124 1
0.059977 1
0.121696 4
0.390997 4
0.112803 4
0.094801 4
0.112702 1
0.112713 1
0.361832 1
0.094696 1
0.087950 1
0.145978 1
0.106861 1
0.202480 1
0.335825 1
0.131118 1
0.113790 1
0.200497 1
0.130174 4
0.294789 1
0.675983 1
0.147171 1
0.169142 1
0.166291 1
0.122767 1
0.118515 1
0.229900 1
0.080400 3
0.175864 1
0.504542 4
0.421007 1
0.191604 1
0.076217 8
0.160644 1
1.528619 1
0.106659 1
0.253043 1
0.000264 1
0.640043 1
0.289892 1
0.257387 4
0.531098 4
0.118822 1
0.136300 1
0.223362 4
0.436654 4
0.112665 1
0.101011 1
0.231746 1
0.218899 2
0.178740 94
0.003841 1
3.279731 1
0.121953 1
0.176087 1
0.059792 1
0.140918 1
0.165462 1
0.158609 1
0.103522 1
0.182579 1
0.123046 1
0.041377 1
0.139011 4
0.796273 4
0.103831 4
0.085906 4
0.113016 1
0.263748 1
0.119709 1
0.193352 1
0.214519 4
0.364599 1
0.021708 1
0.183013 1
0.438295 1
0.362138 1
0.194182 1
0.896201 1
0.495816 1
0.133778 1
0.183726 1
0.165467 1
0.138198 1
0.062158 1
0.165978 1
0.137693 1
1.427442 1
0.279565 1
0.333275 1
0.316176 1
0.479487 1
0.291833 1
0.193564 1
0.272397 1
0.121778 1
0.176288 1
0.094341 2
0.187141 12
0.001126 94
0.002155 1
0.977959 1
0.115737 1
0.191285 1
0.068442 1
0.106785 1
0.145716 1
0.130756 1
0.122219 1
0.174046 1
0.076900 1
0.060828 1
0.120579 1
0.185709 4
1.211488 4
0.109744 4
0.112301 4
0.121951 4
0.112628 1
0.326213 1
0.128587 1
0.382537 1
0.346809 1
0.166491 1
0.276738 1
0.164732 1
0.167124 1
0.321331 1
0.154045 1
0.170049 1
0.193093 1
0.156053 1
0.103919 1
0.092751 1
0.115715 1
0.149530 1
0.442541 1
0.387178 1
0.336276 1
0.387850 1
0.228033 1
0.211024 1
0.220525 1
0.146609 1
0.112768 1
0.167057 1
0.051023 2
0.212521 12
0.001139 21
0.000013 94
0.002011 1
1.426748 1
0.121695 1
0.167101 1
0.068892 1
0.256343 4
0.500788 1
0.174588 1
0.201663 1
0.158658 1
0.148113 1
0.493308 1
0.180519 4
0.647132 1
0.142638 1
0.238274 1
0.490848 1
0.175199 1
0.196116 1
0.137914 1
0.166894 1
0.375139 1
0.145607 1
0.170440 1
0.273044 1
0.156284 1
0.102040 1
0.071555 1
0.147445 1
0.113791 1
0.316911 1
0.288280 1
0.354256 1
0.371448 1
0.236310 1
0.290878 1
0.211664 1
0.182561 1
0.052535 1
0.191390 1
0.103845 2
0.187174 12
0.002707 21
0.000024 30
0.000120 32
0.000009 94
0.005667 1
1.394203 1
0.139570 1
0.167292 1
0.086840 1
0.079821 1
0.684383 1
0.113658 1
0.130398 1
0.254877 1
0.121801 1
0.209978 1
0.427631 4
0.331746 4
0.120782 1
0.091847 1
0.292799 1
0.148640 1
0.205083 1
0.119884 1
0.149210 1
0.186572 1
0.183676 4
0.400730 1
0.110900 1
0.114729 1
0.273888 1
0.183108 1
0.137671 1
0.062870 1
0.147789 1
0.141774 1
0.352537 1
0.554982 1
0.243745 1
0.839320 1
0.192698 1
0.172664 1
0.480344 1
0.155403 1
0.070993 1
0.181903 1
0.078468 2
0.768942 12
0.001116 21
0.000021 30
0.000024 32
0.000020 42
0.000064 94
0.002054 1
1.417555 1
0.104895 1
0.184148 1
0.068862 1
0.097774 1
0.163666 1
0.106490 1
0.640447 1
0.218713 4
0.438509 1
0.227112 1
0.122665 1
0.208966 1
0.274829 1
0.175769 1
0.168950 1
0.120149 1
0.148742 1
0.294365 1
0.784144 1
0.124161 1
0.670630 1
0.162852 1
0.101708 1
0.094819 1
0.097709 1
0.101828 1
0.296067 1
0.303944 1
0.308394 1
0.388749 1
0.236258 1
0.400125 1
0.228799 1
0.209897 1
0.070386 1
0.190878 1
0.069764 2
0.185240 12
0.001140 21
0.000003 30
0.000027 32
0.000012 42
0.000021 94
0.002132 1
2.459210 1
0.124694 1
0.190988 1
0.077827 1
0.185732 1
0.138135 1
0.248383 1
0.947720 1
0.389746 1
0.103838 1
0.184601 1
0.175485 4
0.375122 4
0.180630 4
0.328211 1
0.227828 1
0.175082 1
0.102528 1
0.184623 1
0.160405 1
0.173614 1
0.149156 1
0.869015 1
0.162722 1
0.188467 1
0.228973 1
0.191975 1
0.191692 1
0.026287 1
0.219339 1
0.554355 1
0.935921 1
0.288761 1
0.282502 1
0.298221 1
0.210025 1
0.749878 1
0.220301 1
0.200705 1
0.052647 1
0.217502 1
0.060578 2
0.203893 21
0.001141 30
0.000037 32
0.000032 42
0.000025 94
0.002081 1
2.297917 1
0.106586 1
0.181899 1
0.086927 1
0.115684 1
0.199490 1
0.097964 1
0.235246 1
0.381264 1
0.418568 1
0.174984 1
0.077327 1
0.165183 1
0.148757 1
0.124164 1
0.128674 1
0.158121 4
0.258418 4
0.094559 4
0.067839 4
0.121532 4
0.112781 4
0.113111 1
0.208601 1
0.175386 1
0.187108 1
0.119756 1
0.175595 1
0.140196 4
0.482813 4
0.193637 4
0.229578 1
0.343925 4
0.339693 1
0.101187 1
0.149102 1
0.206714 1
0.798729 1
0.214595 1
0.246809 1
0.156197 1
0.146868 1
0.044549 1
0.138655 1
0.124852 1
0.646389 1
0.581158 1
0.301293 1
0.360128 1
0.219555 1
0.192343 1
0.615688 1
0.200468 1
0.086795 1
0.175077 1
0.087202 2
0.149464 30
0.001133 32
0.000049 42
0.000027 94
0.002241 1
2.039705 1
0.113166 1
0.182170 1
0.059722 1
0.149700 1
0.192689 1
0.115395 1
0.199905 1
0.264369 1
0.176036 1
0.157197 1
0.364137 1
0.174781 1
0.212483 4
1.080501 4
0.085653 4
0.130690 1
0.307241 1
0.157635 1
0.133236 1
0.128650 1
0.158174 1
0.438006 1
0.298763 1
0.187157 1
0.453322 1
0.183118 1
0.129734 1
0.066915 1
0.088844 1
0.128620 1
0.220984 1
0.207567 1
0.309322 1
0.290080 1
0.173241 2
0.615912 42
0.001160 94
0.002057 1
8.986242 1
0.097752 1
0.200053 1
0.086766 1
0.119638 1
0.196371 1
0.097098 1
0.191194 1
0.470070 1
0.113257 1
0.212837 1
0.085347 1
0.670906 1
0.665932 1
0.170192 1
0.237376 1
0.182547 1
0.104872 4
0.500348 4
0.112705 4
0.058431 4
0.140063 1
0.471851 1
0.570183 1
0.238481 1
0.164611 1
0.104560 1
0.184182 1
0.086109 2
0.196927 3
0.002074 12
0.000057 21
0.000048 23
0.000048 33
0.000047 94
0.006819 1
2.065120 1
0.096001 1
0.192996 1
0.068851 1
0.167468 1
0.210342 1
0.079921 1
0.217926 1
0.290784 1
0.112623 1
0.195109 1
0.104091 1
0.696241 1
0.253874 1
0.090342 1
0.245537 1
0.551964 1
0.137599 1
0.079735 1
0.182079 1
0.077277 2
0.159406 15
0.001078 27
0.000035 39
0.000031 60
0.000032 2
0.000004 42
0.000014 23
0.000016 12
0.000007 47
0.000040 29
0.000004 94
0.002248 1
0.806824 1
0.106667 1
0.191167 1
0.077787 1
2.316074 1
0.686295 1
0.122957 1
0.370658 1
0.343235 1
0.094982 1
0.177551 1
0.103237 1
0.122626 1
0.192795 1
0.104819 1
0.174982 1
0.238049 1
0.489936 1
0.119840 1
0.176076 1
0.121907 2
0.170147 94
0.005733 1
9.316692 1
0.078213 1
0.173100 1
0.095921 1
0.140629 1
0.174684 1
0.124702 1
0.262785 1
0.245576 1
0.113189 1
0.186198 1
0.076222 1
0.167627 1
0.131112 1
0.201980 1
0.255942 1
0.382087 1
0.155547 1
0.070842 1
0.182069 1
0.078167 2
0.168557 94
0.004097 1
0.769173 1
0.104892 1
0.174927 1
0.086622 1
0.149848 1
0.174748 1
0.113602 1
0.121148 1
0.329096 1
0.103348 1
0.166011 1
0.076428 1
0.167592 1
4.017972 1
0.220736 1
0.731686 1
0.239564 1
0.265539 1
0.021968 4
0.840117 4
0.238479 1
0.190978 1
0.104748 1
0.175011 1
0.094717 2
0.142997 94
0.005887 1
0.668892 1
0.103737 1
0.157928 1
0.104766 1
0.097739 1
0.199469 1
0.070762 1
0.200076 1
0.290607 1
0.094230 1
0.168719 1
0.076351 1
0.167502 1
1.018876 1
0.554671 1
0.299640 1
0.201956 1
0.173764 1
0.061605 1
0.182115 1
0.051163 2
0.158346 94
0.003138 1
6.131454 1
0.129968 1
0.184729 1
0.096079 1
0.134716 1
0.756397 1
0.106730 1
0.524165 1
0.198117 1
0.095342 1
0.177240 1
0.085238 1
0.149628 1
0.137145 1
0.178046 1
0.751638 1
0.205997 1
0.356670 1
0.122680 1
0.192840 1
0.086742 1
0.194229 1
1.172151 1
0.335309 1
0.214651 1
0.272976 1
0.193505 1
0.514607 1
0.094868 1
0.176490 1
0.112351 2
0.205578 30
0.002826 12
0.000010 21
0.000056 18
0.000009 30
0.000116 32
0.000011 42
0.000107 35
0.000011 22
0.000075 25
0.000011 18
0.000009 11
0.000093 94
0.005915 1
7.258539 1
0.095131 1
0.191013 1
0.068818 1
0.149916 1
0.183578 1
0.088809 1
0.325687 1
0.200594 1
0.113235 1
0.185970 1
0.085369 1
0.365020 1
2.113586 1
0.329672 1
0.237921 1
0.297915 1
0.221813 1
0.123868 1
0.183109 1
0.095522 1
0.167593 1
1.340890 1
0.170213 1
0.202269 1
0.198597 4
0.626980 1
0.201970 1
0.155743 1
0.070738 1
0.182111 1
0.103066 2
0.169339 94
0.004515 1
12.765924 1
0.079827 1
0.200001 1
0.113102 1
0.098475 1
0.218272 1
0.087674 1
0.254239 1
0.191467 1
0.104315 1
0.177225 1
0.085204 1
0.185443 1
0.182103 1
0.549193 1
0.220340 1
0.141936 1
0.171135 1
0.085118 1
0.193627 1
0.076352 1
0.535753 1
0.314710 1
0.354842 1
0.193222 1
0.598578 1
0.318401 1
0.155196 1
0.094781 1
0.187609 1
0.101522 2
0.141988 94
0.003233 1
23.910516 1
0.087103 1
0.190749 1
0.059853 1
0.110758 1
0.392934 1
0.112716 1
0.256910 1
0.254728 1
0.103384 1
0.168667 1
0.075978 1
0.159588 1
0.773823 1
0.195270 1
0.588814 1
0.352576 1
0.176466 1
0.176269 1
0.175065 1
0.689046 1
0.406137 1
0.604810 1
0.194281 1
0.237813 1
0.211583 1
0.220170 1
0.069159 1
0.182058 1
0.086062 2
0.169028 15
0.001004 27
0.000033 35
0.000076 22
0.000003 54
0.000032 94
0.002097 1
1.129886 1
0.112574 1
0.167034 1
0.050861 1
0.128911 1
0.132683 1
0.106482 1
0.227035 1
0.192365 1
0.139461 1
0.159312 1
0.103221 1
0.140384 1
0.541275 1
0.142140 1
0.174961 1
0.154244 1
0.232285 1
0.175373 1
0.166032 1
3.599543 1
0.255339 1
1.135754 1
0.248396 1
0.767906 1
0.220358 1
0.416008 1
0.076899 1
0.166951 1
0.103397 2
0.294840 21
0.001418 18
0.000005 30
0.000036 32
0.000029 42
0.000049 78
0.002009 16
0.000088 1
12.497661 1
0.115910 1
0.191207 1
0.068835 1
0.106753 1
0.172302 1
0.098135 1
0.334316 1
0.191835 1
0.113337 1
0.168200 1
0.104073 1
1.064728 1
0.299423 1
0.080875 1
0.218770 1
0.227430 1
0.129598 1
0.087219 1
0.623097 1
0.115152 1
0.823628 1
0.342889 1
0.121967 1
0.185797 1
0.389236 1
0.213700 1
0.182883 1
0.217946 1
0.212747 1
0.106384 1
0.183995 1
0.220491 1
0.182454 1
0.088885 1
0.200047 1
0.069417 2
0.511793 39
0.003835 30
0.000107 32
0.000010 53
0.000132 46
0.000085 25
0.000012 16
0.000009 2
0.000008 11
0.000062 94
0.004457 1
2.945255 1
0.113018 1
0.166909 1
0.077730 1
0.079908 1
0.190636 1
0.070577 1
0.200145 1
0.173622 1
0.131302 1
0.159129 1
0.094283 1
0.580743 1
0.352552 1
0.081391 1
0.208943 1
0.154662 1
0.141618 1
0.074633 1
0.158572 1
0.169570 1
0.408553 1
0.429069 1
0.240488 4
0.608007 4
0.122453 4
0.525809 1
0.270404 1
0.244042 1
0.248752 2
0.304897 32
0.002799 94
0.005369 1
5.909589 1
0.121745 1
0.176057 1
0.068796 1
0.131739 1
0.165705 1
0.079787 1
0.711918 1
0.455253 1
0.094087 1
0.166082 1
0.085329 1
0.167644 1
0.559213 1
0.142198 1
0.210991 1
0.136452 1
0.132953 1
0.074168 1
0.167750 1
0.187637 1
0.193554 1
0.494955 1
0.382471 2
0.354805 6
0.000969 24
0.000005 94
0.002220 24
1.467771 4
0.397392 1
0.317660 2
0.582600 30
0.002372 12
0.000008 21
0.000038 18
0.000050 28
0.000007 2
0.000006 74
0.000127 35
0.000065 22
0.000008 22
0.000063 94
0.005033 1
10.834024 1
0.111824 1
0.273772 1
0.168288 4
0.472373 4
0.157717 4
0.139662 4
0.130656 1
0.244976 1
0.150537 1
0.159100 1
0.092810 1
0.149931 1
1.279155 1
0.149596 1
0.139251 1
0.182602 1
0.113241 1
0.168215 1
0.094235 1
0.547281 1
1.915454 1
0.175293 1
0.202117 1
0.192012 1
0.137713 1
0.044863 1
0.174653 1
0.140748 1
0.397146 1
0.656079 1
0.210076 1
0.199993 1
0.283560 1
0.358106 1
0.415994 1
0.839630 1
0.308703 1
0.119063 1
0.166779 1
0.132537 1
0.155692 1
0.301820 1
0.087060 2
0.222289 94
0.009312 1
0.540189 1
0.097943 1
0.182278 1
0.068738 1
0.089043 1
0.173298 1
0.088040 1
1.020366 1
0.512892 1
0.131328 4
0.724211 4
0.139317 1
0.648992 1
0.095438 1
0.204007 1
0.094194 1
0.131779 1
0.570245 4
0.500140 1
0.145184 1
0.099218 1
0.164215 1
0.210120 1
0.119560 1
0.062790 1
0.147534 1
0.115877 1
0.296740 1
4.491110 1
0.261876 1
0.274772 1
0.155075 1
0.248367 1
0.417182 1
0.174494 1
0.174746 1
0.086049 1
0.163666 1
0.187203 1
0.244881 1
0.258109 1
0.077510 2
0.376847 94
0.008372 1
1.975352 1
0.070168 1
0.182108 1
0.104724 1
0.061912 1
0.226462 1
0.080505 1
0.181758 1
0.998646 1
0.095337 1
0.168001 1
0.067434 1
0.122750 1
0.146092 1
0.157677 1
0.150458 1
0.165364 1
0.094915 1
0.103338 1
0.095864 1
0.146531 1
0.194114 1
0.461218 1
0.800355 1
0.345289 1
0.433540 1
0.176084 1
0.329128 2
0.264207 94
0.003501 1
4.531604 1
0.043626 1
0.200485 1
0.077777 1
0.077710 1
0.165483 1
0.088824 1
0.307723 1
0.252949 1
0.113177 1
0.168114 1
0.076387 1
0.185557 1
1.474923 1
0.196510 1
0.237804 1
0.202643 1
0.128308 1
0.079245 1
0.128584 1
0.384822 1
1.215047 1
0.381231 1
0.166921 2
0.340081 94
0.003306 24
1.009504 4
0.397563 4
0.094837 4
0.121618 1
0.667709 1
0.444353 1
0.184720 2
0.358061 94
0.005063 1
3.285078 1
0.103196 1
0.052617 1
0.155463 1
0.193556 2
0.177064 10
0.001910 54
0.000174 54
0.000003 51
0.000032 69
0.000020 49
0.000016 50
0.000002 122
0.000030 65
0.000012 100
0.000038 53
0.000016 94
0.001753 5
2.400776 29
0.543807 1
0.418035 3
0.436997 4
0.731135 4
0.273720 4
0.551252 1
0.964003 1
1.335846 1
0.794511 2
0.230369 15
0.001258 15
0.000007 12
0.000038 39
0.000036 30
0.000036 32
0.000004 53
0.000035 12
0.000004 22
0.000019 11
0.000004 43
0.000035 94
0.002590 1
13.187226 1
0.071052 1
0.190350 1
0.078555 1
0.128754 1
0.213467 1
0.320229 1
1.279274 1
0.227583 1
0.095376 1
0.168175 1
0.085153 1
0.140694 1
0.666837 1
0.103390 1
0.169321 1
0.209469 1
0.094651 1
0.086924 1
0.688313 1
0.436350 1
1.494252 1
0.059957 1
0.137593 1
0.699438 1
0.165052 1
0.220735 1
0.156452 1
0.093917 1
0.166788 1
0.051765 2
0.169233 15
0.003429 25
0.000073 2
0.000014 39
0.000146 30
0.000013 32
0.000077 42
0.000011 11
0.000044 34
0.000060 11
0.000009 41
0.000069 2
0.000011 94
0.005897 1
27.166824 1
0.235847 1
0.150505 1
0.121281 8
